Using pre-set license
Desktop is 1920 x 1080 @ 60 Hz

 COMMAND LINE ARGUMENTS:
Unity
-adb2
-batchMode
-noUpm
-name
AssetImportWorker0
-projectPath
/home/hadiur/Projects/Games/ChessApp/ChessApp
-logFile
Logs/AssetImportWorker0.log
-srvPort
45367
Successfully changed project path to: /home/hadiur/Projects/Games/ChessApp/ChessApp
/home/hadiur/Projects/Games/ChessApp/ChessApp
Using Asset Import Pipeline V2.
Refreshing native plugins compatible for Editor in 33,69 ms, found 1 plugins.
Preloading 0 native plugins for Editor in 0,00 ms.
Initialize engine version: 2021.1.2f1 (e5d502d80fbb)
[Subsystems] Discovering subsystems at path /home/hadiur/Unity/2021.1.2f1/Editor/Data/Resources/UnitySubsystems
[Subsystems] Discovering subsystems at path /home/hadiur/Projects/Games/ChessApp/ChessApp/Assets
GLX Extensions: GLX_ARB_create_context GLX_ARB_create_context_no_error GLX_ARB_create_context_profile GLX_ARB_create_context_robustness GLX_ARB_fbconfig_float GLX_ARB_framebuffer_sRGB GLX_ARB_get_proc_address GLX_ARB_multisample GLX_EXT_buffer_age GLX_EXT_create_context_es2_profile GLX_EXT_create_context_es_profile GLX_EXT_fbconfig_packed_float GLX_EXT_framebuffer_sRGB GLX_EXT_import_context GLX_EXT_texture_from_pixmap GLX_EXT_visual_info GLX_EXT_visual_rating GLX_INTEL_swap_event GLX_MESA_copy_sub_buffer GLX_MESA_query_renderer GLX_MESA_swap_control GLX_OML_swap_method GLX_OML_sync_control GLX_SGIS_multisample GLX_SGIX_fbconfig GLX_SGIX_pbuffer GLX_SGIX_visual_select_group GLX_SGI_make_current_read GLX_SGI_swap_control GLX_SGI_video_sync 
Renderer: Mesa Intel(R) UHD Graphics (CML GT2)
Vendor:   Intel
Version:  4.6 (Core Profile) Mesa 20.0.8
GLES:     0
 GL_3DFX_texture_compression_FXT1 GL_AMD_conservative_depth GL_AMD_depth_clamp_separate GL_AMD_draw_buffers_blend GL_AMD_gpu_shader_int64 GL_AMD_multi_draw_indirect GL_AMD_performance_monitor GL_AMD_pinned_memory GL_AMD_query_buffer_object GL_AMD_seamless_cubemap_per_texture GL_AMD_shader_stencil_export GL_AMD_shader_trinary_minmax GL_AMD_texture_texture4 GL_AMD_vertex_shader_layer GL_AMD_vertex_shader_viewport_index GL_ANGLE_texture_compression_dxt3 GL_ANGLE_texture_compression_dxt5 GL_ARB_ES2_compatibility GL_ARB_ES3_1_compatibility GL_ARB_ES3_2_compatibility GL_ARB_ES3_compatibility GL_ARB_arrays_of_arrays GL_ARB_base_instance GL_ARB_blend_func_extended GL_ARB_buffer_storage GL_ARB_clear_buffer_object GL_ARB_clear_texture GL_ARB_clip_control GL_ARB_compressed_texture_pixel_storage GL_ARB_compute_shader GL_ARB_conditional_render_inverted GL_ARB_conservative_depth GL_ARB_copy_buffer GL_ARB_copy_image GL_ARB_cull_distance GL_ARB_debug_output GL_ARB_depth_buffer_float GL_ARB_depth_clamp GL_ARB_derivative_cont
rol GL_ARB_direct_state_access GL_ARB_draw_buffers GL_ARB_draw_buffers_blend GL_ARB_draw_elements_base_vertex GL_ARB_draw_indirect GL_ARB_draw_instanced GL_ARB_enhanced_layouts GL_ARB_explicit_attrib_location GL_ARB_explicit_uniform_location GL_ARB_fragment_coord_conventions GL_ARB_fragment_layer_viewport GL_ARB_fragment_shader GL_ARB_fragment_shader_interlock GL_ARB_framebuffer_no_attachments GL_ARB_framebuffer_object GL_ARB_framebuffer_sRGB GL_ARB_get_program_binary GL_ARB_get_texture_sub_image GL_ARB_gl_spirv GL_ARB_gpu_shader5 GL_ARB_gpu_shader_fp64 GL_ARB_gpu_shader_int64 GL_ARB_half_float_pixel GL_ARB_half_float_vertex GL_ARB_indirect_parameters GL_ARB_instanced_arrays GL_ARB_internalformat_query GL_ARB_internalformat_query2 GL_ARB_invalidate_subdata GL_ARB_map_buffer_alignment GL_ARB_map_buffer_range GL_ARB_multi_bind GL_ARB_multi_draw_indirect GL_ARB_occlusion_query2 GL_ARB_parallel_shader_compile GL_ARB_pipeline_statistics_query GL_ARB_pixel_buffer_object GL_ARB_point_sprite GL_ARB_polygon_offset_cl
amp GL_ARB_post_depth_coverage GL_ARB_program_interface_query GL_ARB_provoking_vertex GL_ARB_query_buffer_object GL_ARB_robust_buffer_access_behavior GL_ARB_robustness GL_ARB_sample_shading GL_ARB_sampler_objects GL_ARB_seamless_cube_map GL_ARB_seamless_cubemap_per_texture GL_ARB_separate_shader_objects GL_ARB_shader_atomic_counter_ops GL_ARB_shader_atomic_counters GL_ARB_shader_ballot GL_ARB_shader_bit_encoding GL_ARB_shader_clock GL_ARB_shader_draw_parameters GL_ARB_shader_group_vote GL_ARB_shader_image_load_store GL_ARB_shader_image_size GL_ARB_shader_objects GL_ARB_shader_precision GL_ARB_shader_stencil_export GL_ARB_shader_storage_buffer_object GL_ARB_shader_subroutine GL_ARB_shader_texture_image_samples GL_ARB_shader_texture_lod GL_ARB_shader_viewport_layer_array GL_ARB_shading_language_420pack GL_ARB_shading_language_include GL_ARB_shading_language_packing GL_ARB_spirv_extensions GL_ARB_stencil_texturing GL_ARB_sync GL_ARB_tessellation_shader GL_ARB_texture_barrier GL_ARB_texture_buffer_object GL_ARB_
texture_buffer_object_rgb32 GL_ARB_texture_buffer_range GL_ARB_texture_compression_bptc GL_ARB_texture_compression_rgtc GL_ARB_texture_cube_map_array GL_ARB_texture_filter_anisotropic GL_ARB_texture_float GL_ARB_texture_gather GL_ARB_texture_mirror_clamp_to_edge GL_ARB_texture_multisample GL_ARB_texture_non_power_of_two GL_ARB_texture_query_levels GL_ARB_texture_query_lod GL_ARB_texture_rectangle GL_ARB_texture_rg GL_ARB_texture_rgb10_a2ui GL_ARB_texture_stencil8 GL_ARB_texture_storage GL_ARB_texture_storage_multisample GL_ARB_texture_swizzle GL_ARB_texture_view GL_ARB_timer_query GL_ARB_transform_feedback2 GL_ARB_transform_feedback3 GL_ARB_transform_feedback_instanced GL_ARB_transform_feedback_overflow_query GL_ARB_uniform_buffer_object GL_ARB_vertex_array_bgra GL_ARB_vertex_array_object GL_ARB_vertex_attrib_64bit GL_ARB_vertex_attrib_binding GL_ARB_vertex_buffer_object GL_ARB_vertex_shader GL_ARB_vertex_type_10f_11f_11f_rev GL_ARB_vertex_type_2_10_10_10_rev GL_ARB_viewport_array GL_ATI_blend_equation_separ
ate GL_ATI_texture_float GL_EXT_EGL_image_storage GL_EXT_EGL_sync GL_EXT_abgr GL_EXT_blend_equation_separate GL_EXT_demote_to_helper_invocation GL_EXT_draw_buffers2 GL_EXT_draw_instanced GL_EXT_framebuffer_blit GL_EXT_framebuffer_multisample GL_EXT_framebuffer_multisample_blit_scaled GL_EXT_framebuffer_object GL_EXT_framebuffer_sRGB GL_EXT_packed_depth_stencil GL_EXT_packed_float GL_EXT_pixel_buffer_object GL_EXT_polygon_offset_clamp GL_EXT_provoking_vertex GL_EXT_shader_framebuffer_fetch GL_EXT_shader_framebuffer_fetch_non_coherent GL_EXT_shader_integer_mix GL_EXT_shader_samples_identical GL_EXT_texture_array GL_EXT_texture_compression_dxt1 GL_EXT_texture_compression_rgtc GL_EXT_texture_compression_s3tc GL_EXT_texture_filter_anisotropic GL_EXT_texture_integer GL_EXT_texture_sRGB GL_EXT_texture_sRGB_R8 GL_EXT_texture_sRGB_decode GL_EXT_texture_shadow_lod GL_EXT_texture_shared_exponent GL_EXT_texture_snorm GL_EXT_texture_swizzle GL_EXT_timer_query GL_EXT_transform_feedback GL_EXT_vertex_array_bgra GL_EXT_vert
ex_attrib_64bit GL_IBM_multimode_draw_arrays GL_INTEL_conservative_rasterization GL_INTEL_performance_query GL_INTEL_shader_atomic_float_minmax GL_INTEL_shader_integer_functions2 GL_KHR_blend_equation_advanced GL_KHR_blend_equation_advanced_coherent GL_KHR_context_flush_control GL_KHR_debug GL_KHR_no_error GL_KHR_parallel_shader_compile GL_KHR_robust_buffer_access_behavior GL_KHR_robustness GL_KHR_texture_compression_astc_ldr GL_KHR_texture_compression_astc_sliced_3d GL_MESA_framebuffer_flip_y GL_MESA_pack_invert GL_MESA_shader_integer_functions GL_MESA_texture_signed_rgba GL_NV_compute_shader_derivatives GL_NV_conditional_render GL_NV_depth_clamp GL_NV_fragment_shader_interlock GL_NV_packed_depth_stencil GL_NV_texture_barrier GL_OES_EGL_image GL_S3_s3tc
OPENGL LOG: Creating OpenGL 4.6 graphics device ; Context level  <OpenGL 4.5> ; Context handle 1267054288
Initialize mono
Mono path[0] = '/home/hadiur/Unity/2021.1.2f1/Editor/Data/Managed'
Mono path[1] = '/home/hadiur/Unity/2021.1.2f1/Editor/Data/MonoBleedingEdge/lib/mono/unityjit'
Mono config path = '/home/hadiur/Unity/2021.1.2f1/Editor/Data/MonoBleedingEdge/etc'
Using monoOptions --debugger-agent=transport=dt_socket,embedding=1,server=y,suspend=n,address=127.0.0.1:56319
Begin MonoManager ReloadAssembly
Registering precompiled unity dll's ...
Register platform support module: /home/hadiur/Unity/2021.1.2f1/Editor/Data/PlaybackEngines/LinuxStandaloneSupport/UnityEditor.LinuxStandalone.Extensions.dll
Registered in 0,000802 seconds.
Native extension for LinuxStandalone target not found
Refreshing native plugins compatible for Editor in 36,27 ms, found 1 plugins.
Preloading 0 native plugins for Editor in 0,00 ms.
Mono: successfully reloaded assembly
- Completed reload, in  1,388 seconds
Platform modules already initialized, skipping
Registering precompiled user dll's ...
Registered in 0,000606 seconds.
Begin MonoManager ReloadAssembly
Native extension for LinuxStandalone target not found
Refreshing native plugins compatible for Editor in 31,24 ms, found 1 plugins.
Preloading 0 native plugins for Editor in 0,00 ms.
Mono: successfully reloaded assembly
- Completed reload, in  0,816 seconds
Platform modules already initialized, skipping
========================================================================
Worker process is ready to serve import requests
Launched and connected shader compiler UnityShaderCompiler after 0.01 seconds
Refreshing native plugins compatible for Editor in 0,29 ms, found 1 plugins.
Preloading 0 native plugins for Editor in 0,00 ms.
Unloading 1843 Unused Serialized files (Serialized files now loaded: 0)
System memory in use before: 82,5 MB.
System memory in use after: 82,6 MB.

Unloading 19 unused Assets to reduce memory usage. Loaded Objects now: 2307.
Total: 3,188446 ms (FindLiveObjects: 0,331709 ms CreateObjectMapping: 0,098931 ms MarkObjects: 2,629317 ms  DeleteObjects: 0,127399 ms)

========================================================================
Received Import Request.
  path: Assets/Assets/Sprites/chessBoard.jpg
  artifactKey: Guid(0f2184a4f728b8a13aa385c83137fe3d) Importer(815301076,1909f56bfc062723c751e8b465ee728b)
Start importing Assets/Assets/Sprites/chessBoard.jpg using Guid(0f2184a4f728b8a13aa385c83137fe3d) Importer(815301076,1909f56bfc062723c751e8b465ee728b)  -> (artifact id: '970c664e7c6310f10f8306bd69d3055f') in 0,081037 seconds 
========================================================================
Received Import Request.
  Time since last request: 0,000340 seconds.
  path: Assets/Assets/Sprites/ChessPieces.png
  artifactKey: Guid(6e2ef7362c71004d3bcb9e80f325a623) Importer(815301076,1909f56bfc062723c751e8b465ee728b)
Start importing Assets/Assets/Sprites/ChessPieces.png using Guid(6e2ef7362c71004d3bcb9e80f325a623) Importer(815301076,1909f56bfc062723c751e8b465ee728b)  -> (artifact id: '270f162d741f6f0aea36e9e81c264284') in 0,042891 seconds 
========================================================================
Received Import Request.
  Time since last request: 149,933406 seconds.
  path: Assets/Assets/Sprites/ChessPieces.png
  artifactKey: Guid(6e2ef7362c71004d3bcb9e80f325a623) Importer(815301076,1909f56bfc062723c751e8b465ee728b)
Start importing Assets/Assets/Sprites/ChessPieces.png using Guid(6e2ef7362c71004d3bcb9e80f325a623) Importer(815301076,1909f56bfc062723c751e8b465ee728b)  -> (artifact id: 'cd0fe436d53b6576c8e23dbcfa7c1cfd') in 0,051985 seconds 
========================================================================
Received Import Request.
  Time since last request: 55,663351 seconds.
  path: Assets/Prefabs/Board.prefab
  artifactKey: Guid(0c28a48f55df78c7baf3b4bae894fb8d) Importer(815301076,1909f56bfc062723c751e8b465ee728b)
Start importing Assets/Prefabs/Board.prefab using Guid(0c28a48f55df78c7baf3b4bae894fb8d) Importer(815301076,1909f56bfc062723c751e8b465ee728b)  -> (artifact id: 'b9dfc42f0778c5e863305c90c20c3700') in 0,012880 seconds 
========================================================================
Received Import Request.
  Time since last request: 0,000313 seconds.
  path: Assets/Prefabs/Piece.prefab
  artifactKey: Guid(b9844b65120faa2d5b72d796d49728ea) Importer(815301076,1909f56bfc062723c751e8b465ee728b)
Start importing Assets/Prefabs/Piece.prefab using Guid(b9844b65120faa2d5b72d796d49728ea) Importer(815301076,1909f56bfc062723c751e8b465ee728b)  -> (artifact id: 'caebea1382065cf2dd81521f2fe3c327') in 0,001803 seconds 
========================================================================
Received Import Request.
  Time since last request: 0,000269 seconds.
  path: Assets/Prefabs/Cell.prefab
  artifactKey: Guid(83f0292928adaf012b8cedfb70bc99ee) Importer(815301076,1909f56bfc062723c751e8b465ee728b)
Start importing Assets/Prefabs/Cell.prefab using Guid(83f0292928adaf012b8cedfb70bc99ee) Importer(815301076,1909f56bfc062723c751e8b465ee728b)  -> (artifact id: 'f5185fb471a02df6ff71bbd3865a5eb7') in 0,001785 seconds 
========================================================================
Received Prepare
Registering precompiled user dll's ...
Registered in 0,000519 seconds.
Begin MonoManager ReloadAssembly
Native extension for LinuxStandalone target not found
Refreshing native plugins compatible for Editor in 0,40 ms, found 1 plugins.
Preloading 0 native plugins for Editor in 0,00 ms.
Mono: successfully reloaded assembly
- Completed reload, in  0,975 seconds
Platform modules already initialized, skipping
Refreshing native plugins compatible for Editor in 0,16 ms, found 1 plugins.
Preloading 0 native plugins for Editor in 0,00 ms.
Unloading 1835 Unused Serialized files (Serialized files now loaded: 0)
System memory in use before: 87,5 MB.
System memory in use after: 87,6 MB.

Unloading 8 unused Assets to reduce memory usage. Loaded Objects now: 2361.
Total: 2,731337 ms (FindLiveObjects: 0,112938 ms CreateObjectMapping: 0,043877 ms MarkObjects: 2,560471 ms  DeleteObjects: 0,013114 ms)

========================================================================
Received Prepare
Registering precompiled user dll's ...
Registered in 0,001479 seconds.
Begin MonoManager ReloadAssembly
Native extension for LinuxStandalone target not found
Refreshing native plugins compatible for Editor in 0,44 ms, found 1 plugins.
Preloading 0 native plugins for Editor in 0,00 ms.
Mono: successfully reloaded assembly
- Completed reload, in  1,512 seconds
Platform modules already initialized, skipping
Refreshing native plugins compatible for Editor in 0,45 ms, found 1 plugins.
Preloading 0 native plugins for Editor in 0,00 ms.
Unloading 1833 Unused Serialized files (Serialized files now loaded: 0)
System memory in use before: 87,4 MB.
System memory in use after: 87,5 MB.

Unloading 8 unused Assets to reduce memory usage. Loaded Objects now: 2364.
Total: 10,821041 ms (FindLiveObjects: 0,264710 ms CreateObjectMapping: 0,127437 ms MarkObjects: 10,396478 ms  DeleteObjects: 0,030201 ms)

========================================================================
Received Prepare
Registering precompiled user dll's ...
Registered in 0,001005 seconds.
Begin MonoManager ReloadAssembly
Native extension for LinuxStandalone target not found
Refreshing native plugins compatible for Editor in 0,33 ms, found 1 plugins.
Preloading 0 native plugins for Editor in 0,00 ms.
Mono: successfully reloaded assembly
- Completed reload, in  0,936 seconds
Platform modules already initialized, skipping
Refreshing native plugins compatible for Editor in 0,77 ms, found 1 plugins.
Preloading 0 native plugins for Editor in 0,00 ms.
Unloading 1833 Unused Serialized files (Serialized files now loaded: 0)
System memory in use before: 87,4 MB.
System memory in use after: 87,6 MB.

Unloading 8 unused Assets to reduce memory usage. Loaded Objects now: 2367.
Total: 3,173319 ms (FindLiveObjects: 0,260990 ms CreateObjectMapping: 0,078094 ms MarkObjects: 2,816466 ms  DeleteObjects: 0,016582 ms)

========================================================================
Received Prepare
Registering precompiled user dll's ...
Registered in 0,000639 seconds.
Begin MonoManager ReloadAssembly
Native extension for LinuxStandalone target not found
Refreshing native plugins compatible for Editor in 0,27 ms, found 1 plugins.
Preloading 0 native plugins for Editor in 0,00 ms.
Mono: successfully reloaded assembly
- Completed reload, in  0,817 seconds
Platform modules already initialized, skipping
Refreshing native plugins compatible for Editor in 0,15 ms, found 1 plugins.
Preloading 0 native plugins for Editor in 0,00 ms.
Unloading 1833 Unused Serialized files (Serialized files now loaded: 0)
System memory in use before: 87,5 MB.
System memory in use after: 87,6 MB.

Unloading 8 unused Assets to reduce memory usage. Loaded Objects now: 2370.
Total: 5,762132 ms (FindLiveObjects: 0,289999 ms CreateObjectMapping: 0,141926 ms MarkObjects: 5,301351 ms  DeleteObjects: 0,026600 ms)

========================================================================
Received Prepare
Registering precompiled user dll's ...
Registered in 0,000607 seconds.
Begin MonoManager ReloadAssembly
Native extension for LinuxStandalone target not found
Refreshing native plugins compatible for Editor in 0,43 ms, found 1 plugins.
Preloading 0 native plugins for Editor in 0,00 ms.
Mono: successfully reloaded assembly
- Completed reload, in  1,458 seconds
Platform modules already initialized, skipping
Refreshing native plugins compatible for Editor in 0,31 ms, found 1 plugins.
Preloading 0 native plugins for Editor in 0,00 ms.
Unloading 1833 Unused Serialized files (Serialized files now loaded: 0)
System memory in use before: 87,5 MB.
System memory in use after: 87,6 MB.

Unloading 8 unused Assets to reduce memory usage. Loaded Objects now: 2373.
Total: 5,314173 ms (FindLiveObjects: 0,187700 ms CreateObjectMapping: 0,073736 ms MarkObjects: 4,999670 ms  DeleteObjects: 0,051569 ms)

========================================================================
Received Prepare
Registering precompiled user dll's ...
Registered in 0,000855 seconds.
Begin MonoManager ReloadAssembly
Native extension for LinuxStandalone target not found
Refreshing native plugins compatible for Editor in 0,29 ms, found 1 plugins.
Preloading 0 native plugins for Editor in 0,00 ms.
Mono: successfully reloaded assembly
- Completed reload, in  0,872 seconds
Platform modules already initialized, skipping
Refreshing native plugins compatible for Editor in 0,16 ms, found 1 plugins.
Preloading 0 native plugins for Editor in 0,00 ms.
Unloading 1833 Unused Serialized files (Serialized files now loaded: 0)
System memory in use before: 87,5 MB.
System memory in use after: 87,6 MB.

Unloading 8 unused Assets to reduce memory usage. Loaded Objects now: 2376.
Total: 2,710642 ms (FindLiveObjects: 0,166049 ms CreateObjectMapping: 0,038393 ms MarkObjects: 2,489778 ms  DeleteObjects: 0,014353 ms)

========================================================================
Received Prepare
Registering precompiled user dll's ...
Registered in 0,000621 seconds.
Begin MonoManager ReloadAssembly
Native extension for LinuxStandalone target not found
Refreshing native plugins compatible for Editor in 0,48 ms, found 1 plugins.
Preloading 0 native plugins for Editor in 0,00 ms.
Mono: successfully reloaded assembly
- Completed reload, in  1,573 seconds
Platform modules already initialized, skipping
Refreshing native plugins compatible for Editor in 0,60 ms, found 1 plugins.
Preloading 0 native plugins for Editor in 0,00 ms.
Unloading 1833 Unused Serialized files (Serialized files now loaded: 0)
System memory in use before: 87,5 MB.
System memory in use after: 87,6 MB.

Unloading 8 unused Assets to reduce memory usage. Loaded Objects now: 2379.
Total: 5,386424 ms (FindLiveObjects: 0,263828 ms CreateObjectMapping: 0,118097 ms MarkObjects: 4,979087 ms  DeleteObjects: 0,023516 ms)

========================================================================
Received Prepare
Registering precompiled user dll's ...
Registered in 0,000835 seconds.
Begin MonoManager ReloadAssembly
Native extension for LinuxStandalone target not found
Refreshing native plugins compatible for Editor in 0,27 ms, found 1 plugins.
Preloading 0 native plugins for Editor in 0,00 ms.
Mono: successfully reloaded assembly
- Completed reload, in  0,881 seconds
Platform modules already initialized, skipping
Refreshing native plugins compatible for Editor in 0,15 ms, found 1 plugins.
Preloading 0 native plugins for Editor in 0,00 ms.
Unloading 1833 Unused Serialized files (Serialized files now loaded: 0)
System memory in use before: 87,5 MB.
System memory in use after: 87,6 MB.

Unloading 8 unused Assets to reduce memory usage. Loaded Objects now: 2382.
Total: 6,655007 ms (FindLiveObjects: 0,316886 ms CreateObjectMapping: 0,141200 ms MarkObjects: 6,169648 ms  DeleteObjects: 0,024996 ms)

========================================================================
Received Prepare
Registering precompiled user dll's ...
Registered in 0,000885 seconds.
Begin MonoManager ReloadAssembly
Native extension for LinuxStandalone target not found
Refreshing native plugins compatible for Editor in 0,32 ms, found 1 plugins.
Preloading 0 native plugins for Editor in 0,00 ms.
Mono: successfully reloaded assembly
- Completed reload, in  0,794 seconds
Platform modules already initialized, skipping
Refreshing native plugins compatible for Editor in 0,19 ms, found 1 plugins.
Preloading 0 native plugins for Editor in 0,00 ms.
Unloading 1833 Unused Serialized files (Serialized files now loaded: 0)
System memory in use before: 87,5 MB.
System memory in use after: 87,6 MB.

Unloading 8 unused Assets to reduce memory usage. Loaded Objects now: 2385.
Total: 6,346888 ms (FindLiveObjects: 0,348268 ms CreateObjectMapping: 0,148574 ms MarkObjects: 5,819900 ms  DeleteObjects: 0,026929 ms)

========================================================================
Received Prepare
Registering precompiled user dll's ...
Registered in 0,000704 seconds.
Begin MonoManager ReloadAssembly
Native extension for LinuxStandalone target not found
Refreshing native plugins compatible for Editor in 0,34 ms, found 1 plugins.
Preloading 0 native plugins for Editor in 0,00 ms.
Mono: successfully reloaded assembly
- Completed reload, in  1,063 seconds
Platform modules already initialized, skipping
Refreshing native plugins compatible for Editor in 0,42 ms, found 1 plugins.
Preloading 0 native plugins for Editor in 0,00 ms.
Unloading 1833 Unused Serialized files (Serialized files now loaded: 0)
System memory in use before: 87,5 MB.
System memory in use after: 87,6 MB.

Unloading 8 unused Assets to reduce memory usage. Loaded Objects now: 2388.
Total: 4,085264 ms (FindLiveObjects: 0,170683 ms CreateObjectMapping: 0,061701 ms MarkObjects: 3,831616 ms  DeleteObjects: 0,019966 ms)

========================================================================
Received Prepare
Registering precompiled user dll's ...
Registered in 0,000761 seconds.
Begin MonoManager ReloadAssembly
Native extension for LinuxStandalone target not found
Refreshing native plugins compatible for Editor in 0,76 ms, found 1 plugins.
Preloading 0 native plugins for Editor in 0,00 ms.
Mono: successfully reloaded assembly
- Completed reload, in  1,015 seconds
Platform modules already initialized, skipping
Refreshing native plugins compatible for Editor in 0,16 ms, found 1 plugins.
Preloading 0 native plugins for Editor in 0,00 ms.
Unloading 1833 Unused Serialized files (Serialized files now loaded: 0)
System memory in use before: 87,5 MB.
System memory in use after: 87,6 MB.

Unloading 8 unused Assets to reduce memory usage. Loaded Objects now: 2391.
Total: 2,859852 ms (FindLiveObjects: 0,189619 ms CreateObjectMapping: 0,050689 ms MarkObjects: 2,599896 ms  DeleteObjects: 0,018138 ms)

========================================================================
Received Prepare
Registering precompiled user dll's ...
Registered in 0,000695 seconds.
Begin MonoManager ReloadAssembly
Native extension for LinuxStandalone target not found
Refreshing native plugins compatible for Editor in 0,34 ms, found 1 plugins.
Preloading 0 native plugins for Editor in 0,00 ms.
Mono: successfully reloaded assembly
- Completed reload, in  0,985 seconds
Platform modules already initialized, skipping
Refreshing native plugins compatible for Editor in 0,23 ms, found 1 plugins.
Preloading 0 native plugins for Editor in 0,00 ms.
Unloading 1833 Unused Serialized files (Serialized files now loaded: 0)
System memory in use before: 87,5 MB.
System memory in use after: 87,6 MB.

Unloading 8 unused Assets to reduce memory usage. Loaded Objects now: 2394.
Total: 3,039152 ms (FindLiveObjects: 0,154997 ms CreateObjectMapping: 0,038258 ms MarkObjects: 2,832100 ms  DeleteObjects: 0,012467 ms)

========================================================================
Received Prepare
Registering precompiled user dll's ...
Registered in 0,000987 seconds.
Begin MonoManager ReloadAssembly
Native extension for LinuxStandalone target not found
Refreshing native plugins compatible for Editor in 0,28 ms, found 1 plugins.
Preloading 0 native plugins for Editor in 0,00 ms.
Mono: successfully reloaded assembly
- Completed reload, in  0,954 seconds
Platform modules already initialized, skipping
Refreshing native plugins compatible for Editor in 0,42 ms, found 1 plugins.
Preloading 0 native plugins for Editor in 0,00 ms.
Unloading 1833 Unused Serialized files (Serialized files now loaded: 0)
System memory in use before: 87,5 MB.
System memory in use after: 87,7 MB.

Unloading 8 unused Assets to reduce memory usage. Loaded Objects now: 2397.
Total: 4,666916 ms (FindLiveObjects: 0,201463 ms CreateObjectMapping: 0,085444 ms MarkObjects: 4,356428 ms  DeleteObjects: 0,022114 ms)

========================================================================
Received Prepare
Registering precompiled user dll's ...
Registered in 0,000617 seconds.
Begin MonoManager ReloadAssembly
Native extension for LinuxStandalone target not found
Refreshing native plugins compatible for Editor in 0,32 ms, found 1 plugins.
Preloading 0 native plugins for Editor in 0,00 ms.
Mono: successfully reloaded assembly
- Completed reload, in  0,946 seconds
Platform modules already initialized, skipping
Refreshing native plugins compatible for Editor in 0,24 ms, found 1 plugins.
Preloading 0 native plugins for Editor in 0,00 ms.
Unloading 1833 Unused Serialized files (Serialized files now loaded: 0)
System memory in use before: 87,5 MB.
System memory in use after: 87,7 MB.

Unloading 8 unused Assets to reduce memory usage. Loaded Objects now: 2400.
Total: 2,861190 ms (FindLiveObjects: 0,192346 ms CreateObjectMapping: 0,052931 ms MarkObjects: 2,598273 ms  DeleteObjects: 0,015634 ms)

========================================================================
Received Prepare
Registering precompiled user dll's ...
Registered in 0,000565 seconds.
Begin MonoManager ReloadAssembly
Native extension for LinuxStandalone target not found
Refreshing native plugins compatible for Editor in 0,49 ms, found 1 plugins.
Preloading 0 native plugins for Editor in 0,00 ms.
Mono: successfully reloaded assembly
- Completed reload, in  1,540 seconds
Platform modules already initialized, skipping
Refreshing native plugins compatible for Editor in 0,51 ms, found 1 plugins.
Preloading 0 native plugins for Editor in 0,00 ms.
Unloading 1833 Unused Serialized files (Serialized files now loaded: 0)
System memory in use before: 87,5 MB.
System memory in use after: 87,7 MB.

Unloading 8 unused Assets to reduce memory usage. Loaded Objects now: 2403.
Total: 4,933219 ms (FindLiveObjects: 0,250796 ms CreateObjectMapping: 0,103046 ms MarkObjects: 4,555554 ms  DeleteObjects: 0,021887 ms)

========================================================================
Received Import Request.
  Time since last request: 837,009865 seconds.
  path: Assets/Resources/Sprites/chessBoard.jpg
  artifactKey: Guid(0f2184a4f728b8a13aa385c83137fe3d) Importer(815301076,1909f56bfc062723c751e8b465ee728b)
Start importing Assets/Resources/Sprites/chessBoard.jpg using Guid(0f2184a4f728b8a13aa385c83137fe3d) Importer(815301076,1909f56bfc062723c751e8b465ee728b)  -> (artifact id: 'e6b3cb7bd14f90b26734ab68143ae3e7') in 0,088276 seconds 
========================================================================
Received Import Request.
  Time since last request: 136,058278 seconds.
  path: Assets/Prefabs/Piece.prefab
  artifactKey: Guid(b9844b65120faa2d5b72d796d49728ea) Importer(815301076,1909f56bfc062723c751e8b465ee728b)
Start importing Assets/Prefabs/Piece.prefab using Guid(b9844b65120faa2d5b72d796d49728ea) Importer(815301076,1909f56bfc062723c751e8b465ee728b)  -> (artifact id: 'ee7773adb99b7d4c530b2b5e78a66e31') in 0,010216 seconds 
========================================================================
Received Import Request.
  Time since last request: 6,040320 seconds.
  path: Assets/Prefabs/Piece.prefab
  artifactKey: Guid(b9844b65120faa2d5b72d796d49728ea) Importer(815301076,1909f56bfc062723c751e8b465ee728b)
Start importing Assets/Prefabs/Piece.prefab using Guid(b9844b65120faa2d5b72d796d49728ea) Importer(815301076,1909f56bfc062723c751e8b465ee728b)  -> (artifact id: '34731ee14436c0adf0c8b0382a80bf74') in 0,002291 seconds 
========================================================================
Received Prepare
Registering precompiled user dll's ...
Registered in 0,000805 seconds.
Begin MonoManager ReloadAssembly
Native extension for LinuxStandalone target not found
Refreshing native plugins compatible for Editor in 0,35 ms, found 1 plugins.
Preloading 0 native plugins for Editor in 0,00 ms.
Mono: successfully reloaded assembly
- Completed reload, in  0,923 seconds
Platform modules already initialized, skipping
Refreshing native plugins compatible for Editor in 0,15 ms, found 1 plugins.
Preloading 0 native plugins for Editor in 0,00 ms.
Unloading 1833 Unused Serialized files (Serialized files now loaded: 0)
System memory in use before: 88,0 MB.
System memory in use after: 88,1 MB.

Unloading 8 unused Assets to reduce memory usage. Loaded Objects now: 2421.
Total: 2,700794 ms (FindLiveObjects: 0,124724 ms CreateObjectMapping: 0,049269 ms MarkObjects: 2,510515 ms  DeleteObjects: 0,015380 ms)

========================================================================
Received Prepare
Registering precompiled user dll's ...
Registered in 0,000602 seconds.
Begin MonoManager ReloadAssembly
Native extension for LinuxStandalone target not found
Refreshing native plugins compatible for Editor in 0,42 ms, found 1 plugins.
Preloading 0 native plugins for Editor in 0,00 ms.
Mono: successfully reloaded assembly
- Completed reload, in  1,538 seconds
Platform modules already initialized, skipping
Refreshing native plugins compatible for Editor in 0,55 ms, found 1 plugins.
Preloading 0 native plugins for Editor in 0,00 ms.
Unloading 1833 Unused Serialized files (Serialized files now loaded: 0)
System memory in use before: 88,0 MB.
System memory in use after: 88,1 MB.

Unloading 8 unused Assets to reduce memory usage. Loaded Objects now: 2424.
Total: 5,388442 ms (FindLiveObjects: 0,479685 ms CreateObjectMapping: 0,115850 ms MarkObjects: 4,726060 ms  DeleteObjects: 0,064938 ms)

========================================================================
Received Prepare
Registering precompiled user dll's ...
Registered in 0,001176 seconds.
Begin MonoManager ReloadAssembly
Native extension for LinuxStandalone target not found
Refreshing native plugins compatible for Editor in 0,68 ms, found 1 plugins.
Preloading 0 native plugins for Editor in 0,00 ms.
Mono: successfully reloaded assembly
- Completed reload, in  1,567 seconds
Platform modules already initialized, skipping
Refreshing native plugins compatible for Editor in 0,95 ms, found 1 plugins.
Preloading 0 native plugins for Editor in 0,00 ms.
Unloading 1833 Unused Serialized files (Serialized files now loaded: 0)
System memory in use before: 88,0 MB.
System memory in use after: 88,1 MB.

Unloading 8 unused Assets to reduce memory usage. Loaded Objects now: 2427.
Total: 5,818588 ms (FindLiveObjects: 0,696281 ms CreateObjectMapping: 0,292300 ms MarkObjects: 4,787860 ms  DeleteObjects: 0,039500 ms)

========================================================================
Received Prepare
Registering precompiled user dll's ...
Registered in 0,000806 seconds.
Begin MonoManager ReloadAssembly
Native extension for LinuxStandalone target not found
Refreshing native plugins compatible for Editor in 0,69 ms, found 1 plugins.
Preloading 0 native plugins for Editor in 0,00 ms.
Mono: successfully reloaded assembly
- Completed reload, in  1,575 seconds
Platform modules already initialized, skipping
Refreshing native plugins compatible for Editor in 0,41 ms, found 1 plugins.
Preloading 0 native plugins for Editor in 0,00 ms.
Unloading 1833 Unused Serialized files (Serialized files now loaded: 0)
System memory in use before: 88,0 MB.
System memory in use after: 88,1 MB.

Unloading 8 unused Assets to reduce memory usage. Loaded Objects now: 2430.
Total: 5,238169 ms (FindLiveObjects: 0,194781 ms CreateObjectMapping: 0,098766 ms MarkObjects: 4,919818 ms  DeleteObjects: 0,022956 ms)

========================================================================
Received Prepare
Registering precompiled user dll's ...
Registered in 0,000648 seconds.
Begin MonoManager ReloadAssembly
Native extension for LinuxStandalone target not found
Refreshing native plugins compatible for Editor in 0,44 ms, found 1 plugins.
Preloading 0 native plugins for Editor in 0,00 ms.
Mono: successfully reloaded assembly
- Completed reload, in  1,604 seconds
Platform modules already initialized, skipping
Refreshing native plugins compatible for Editor in 0,36 ms, found 1 plugins.
Preloading 0 native plugins for Editor in 0,00 ms.
Unloading 1833 Unused Serialized files (Serialized files now loaded: 0)
System memory in use before: 88,0 MB.
System memory in use after: 88,1 MB.

Unloading 8 unused Assets to reduce memory usage. Loaded Objects now: 2433.
Total: 6,745443 ms (FindLiveObjects: 0,574914 ms CreateObjectMapping: 0,355654 ms MarkObjects: 5,780685 ms  DeleteObjects: 0,031325 ms)

========================================================================
Received Import Request.
  Time since last request: 449,145030 seconds.
  path: Assets/Scripts/Cell(Clone).prefab
  artifactKey: Guid(480f8997712aa399e8b5114a329a0306) Importer(815301076,1909f56bfc062723c751e8b465ee728b)
Start importing Assets/Scripts/Cell(Clone).prefab using Guid(480f8997712aa399e8b5114a329a0306) Importer(815301076,1909f56bfc062723c751e8b465ee728b)  -> (artifact id: 'ad3ac3dfebda50ec4569796a2ec3d803') in 0,054792 seconds 
========================================================================
Received Prepare
Registering precompiled user dll's ...
Registered in 0,001156 seconds.
Begin MonoManager ReloadAssembly
Native extension for LinuxStandalone target not found
Refreshing native plugins compatible for Editor in 0,49 ms, found 1 plugins.
Preloading 0 native plugins for Editor in 0,00 ms.
Mono: successfully reloaded assembly
- Completed reload, in  1,574 seconds
Platform modules already initialized, skipping
Refreshing native plugins compatible for Editor in 0,55 ms, found 1 plugins.
Preloading 0 native plugins for Editor in 0,00 ms.
Unloading 1833 Unused Serialized files (Serialized files now loaded: 0)
System memory in use before: 88,0 MB.
System memory in use after: 88,1 MB.

Unloading 8 unused Assets to reduce memory usage. Loaded Objects now: 2436.
Total: 5,347483 ms (FindLiveObjects: 0,693561 ms CreateObjectMapping: 0,165090 ms MarkObjects: 4,462355 ms  DeleteObjects: 0,024208 ms)

========================================================================
Received Import Request.
  Time since last request: 113,940839 seconds.
  path: Assets/Resources/Sprites/ChessPieces.png
  artifactKey: Guid(6e2ef7362c71004d3bcb9e80f325a623) Importer(815301076,1909f56bfc062723c751e8b465ee728b)
Start importing Assets/Resources/Sprites/ChessPieces.png using Guid(6e2ef7362c71004d3bcb9e80f325a623) Importer(815301076,1909f56bfc062723c751e8b465ee728b)  -> (artifact id: '763e5ee2a649f779ef0be76fa5d3fd54') in 0,126850 seconds 
========================================================================
Received Import Request.
  Time since last request: 90,133152 seconds.
  path: Assets/Resources/Sprites/ChessPieces.png
  artifactKey: Guid(6e2ef7362c71004d3bcb9e80f325a623) Importer(815301076,1909f56bfc062723c751e8b465ee728b)
Start importing Assets/Resources/Sprites/ChessPieces.png using Guid(6e2ef7362c71004d3bcb9e80f325a623) Importer(815301076,1909f56bfc062723c751e8b465ee728b)  -> (artifact id: 'e7be3acd562f073e24d6e506d243dd9f') in 0,046520 seconds 
========================================================================
Received Import Request.
  Time since last request: 23,042433 seconds.
  path: Assets/Resources/Sprites/ChessPieces.png
  artifactKey: Guid(6e2ef7362c71004d3bcb9e80f325a623) Importer(815301076,1909f56bfc062723c751e8b465ee728b)
Start importing Assets/Resources/Sprites/ChessPieces.png using Guid(6e2ef7362c71004d3bcb9e80f325a623) Importer(815301076,1909f56bfc062723c751e8b465ee728b)  -> (artifact id: 'a0db70759c431a4bc776a50901dd4f10') in 0,043646 seconds 
========================================================================
Received Prepare
Registering precompiled user dll's ...
Registered in 0,000671 seconds.
Begin MonoManager ReloadAssembly
Native extension for LinuxStandalone target not found
Refreshing native plugins compatible for Editor in 0,42 ms, found 1 plugins.
Preloading 0 native plugins for Editor in 0,00 ms.
Mono: successfully reloaded assembly
- Completed reload, in  1,623 seconds
Platform modules already initialized, skipping
Refreshing native plugins compatible for Editor in 0,42 ms, found 1 plugins.
Preloading 0 native plugins for Editor in 0,00 ms.
Unloading 1833 Unused Serialized files (Serialized files now loaded: 0)
System memory in use before: 89,2 MB.
System memory in use after: 89,3 MB.

Unloading 8 unused Assets to reduce memory usage. Loaded Objects now: 2482.
Total: 5,406483 ms (FindLiveObjects: 0,326846 ms CreateObjectMapping: 0,102794 ms MarkObjects: 4,910669 ms  DeleteObjects: 0,064438 ms)

========================================================================
Received Import Request.
  Time since last request: 159,492367 seconds.
  path: Assets/Scripts/Controller
  artifactKey: Guid(5524233eecd6da2ec9a911e3480ef9d6) Importer(815301076,1909f56bfc062723c751e8b465ee728b)
Start importing Assets/Scripts/Controller using Guid(5524233eecd6da2ec9a911e3480ef9d6) Importer(815301076,1909f56bfc062723c751e8b465ee728b)  -> (artifact id: '63442c0bd7cc1b97b48a046bc1514808') in 0,003432 seconds 
========================================================================
Received Import Request.
  Time since last request: 15,299187 seconds.
  path: Assets/Prefabs/Piece.prefab
  artifactKey: Guid(b9844b65120faa2d5b72d796d49728ea) Importer(815301076,1909f56bfc062723c751e8b465ee728b)
Start importing Assets/Prefabs/Piece.prefab using Guid(b9844b65120faa2d5b72d796d49728ea) Importer(815301076,1909f56bfc062723c751e8b465ee728b)  -> (artifact id: '7b7741b2db9777af858d7ba4af074456') in 0,028175 seconds 
========================================================================
Received Prepare
Registering precompiled user dll's ...
Registered in 0,000624 seconds.
Begin MonoManager ReloadAssembly
Native extension for LinuxStandalone target not found
Refreshing native plugins compatible for Editor in 0,28 ms, found 1 plugins.
Preloading 0 native plugins for Editor in 0,00 ms.
Mono: successfully reloaded assembly
- Completed reload, in  0,884 seconds
Platform modules already initialized, skipping
Refreshing native plugins compatible for Editor in 0,16 ms, found 1 plugins.
Preloading 0 native plugins for Editor in 0,00 ms.
Unloading 1833 Unused Serialized files (Serialized files now loaded: 0)
System memory in use before: 89,2 MB.
System memory in use after: 89,3 MB.

Unloading 8 unused Assets to reduce memory usage. Loaded Objects now: 2485.
Total: 2,635570 ms (FindLiveObjects: 0,215974 ms CreateObjectMapping: 0,195682 ms MarkObjects: 2,190572 ms  DeleteObjects: 0,031821 ms)

========================================================================
Received Prepare
Registering precompiled user dll's ...
Registered in 0,000532 seconds.
Begin MonoManager ReloadAssembly
Native extension for LinuxStandalone target not found
Refreshing native plugins compatible for Editor in 0,47 ms, found 1 plugins.
Preloading 0 native plugins for Editor in 0,00 ms.
Mono: successfully reloaded assembly
- Completed reload, in  1,638 seconds
Platform modules already initialized, skipping
Refreshing native plugins compatible for Editor in 0,48 ms, found 1 plugins.
Preloading 0 native plugins for Editor in 0,00 ms.
Unloading 1833 Unused Serialized files (Serialized files now loaded: 0)
System memory in use before: 89,2 MB.
System memory in use after: 89,3 MB.

Unloading 8 unused Assets to reduce memory usage. Loaded Objects now: 2488.
Total: 6,139767 ms (FindLiveObjects: 0,205520 ms CreateObjectMapping: 0,119290 ms MarkObjects: 5,782908 ms  DeleteObjects: 0,030168 ms)

========================================================================
Received Prepare
Registering precompiled user dll's ...
Registered in 0,000675 seconds.
Begin MonoManager ReloadAssembly
Native extension for LinuxStandalone target not found
Refreshing native plugins compatible for Editor in 0,32 ms, found 1 plugins.
Preloading 0 native plugins for Editor in 0,00 ms.
Mono: successfully reloaded assembly
- Completed reload, in  0,952 seconds
Platform modules already initialized, skipping
Refreshing native plugins compatible for Editor in 0,20 ms, found 1 plugins.
Preloading 0 native plugins for Editor in 0,00 ms.
Unloading 1833 Unused Serialized files (Serialized files now loaded: 0)
System memory in use before: 89,2 MB.
System memory in use after: 89,3 MB.

Unloading 8 unused Assets to reduce memory usage. Loaded Objects now: 2491.
Total: 6,388197 ms (FindLiveObjects: 0,320188 ms CreateObjectMapping: 0,152968 ms MarkObjects: 5,886535 ms  DeleteObjects: 0,026081 ms)

========================================================================
Received Prepare
Registering precompiled user dll's ...
Registered in 0,000607 seconds.
Begin MonoManager ReloadAssembly
Native extension for LinuxStandalone target not found
Refreshing native plugins compatible for Editor in 0,65 ms, found 1 plugins.
Preloading 0 native plugins for Editor in 0,00 ms.
Mono: successfully reloaded assembly
- Completed reload, in  1,669 seconds
Platform modules already initialized, skipping
Refreshing native plugins compatible for Editor in 0,66 ms, found 1 plugins.
Preloading 0 native plugins for Editor in 0,00 ms.
Unloading 1833 Unused Serialized files (Serialized files now loaded: 0)
System memory in use before: 89,2 MB.
System memory in use after: 89,3 MB.

Unloading 8 unused Assets to reduce memory usage. Loaded Objects now: 2494.
Total: 5,423805 ms (FindLiveObjects: 0,261212 ms CreateObjectMapping: 0,101426 ms MarkObjects: 5,035725 ms  DeleteObjects: 0,023398 ms)

========================================================================
Received Prepare
Registering precompiled user dll's ...
Registered in 0,000805 seconds.
Begin MonoManager ReloadAssembly
Native extension for LinuxStandalone target not found
Refreshing native plugins compatible for Editor in 0,40 ms, found 1 plugins.
Preloading 0 native plugins for Editor in 0,00 ms.
Mono: successfully reloaded assembly
- Completed reload, in  0,864 seconds
Platform modules already initialized, skipping
Refreshing native plugins compatible for Editor in 0,21 ms, found 1 plugins.
Preloading 0 native plugins for Editor in 0,00 ms.
Unloading 1833 Unused Serialized files (Serialized files now loaded: 0)
System memory in use before: 89,2 MB.
System memory in use after: 89,4 MB.

Unloading 8 unused Assets to reduce memory usage. Loaded Objects now: 2497.
Total: 6,487908 ms (FindLiveObjects: 0,313432 ms CreateObjectMapping: 0,147703 ms MarkObjects: 5,997375 ms  DeleteObjects: 0,027186 ms)

========================================================================
Received Prepare
Registering precompiled user dll's ...
Registered in 0,001002 seconds.
Begin MonoManager ReloadAssembly
Native extension for LinuxStandalone target not found
Refreshing native plugins compatible for Editor in 0,40 ms, found 1 plugins.
Preloading 0 native plugins for Editor in 0,00 ms.
Mono: successfully reloaded assembly
- Completed reload, in  1,129 seconds
Platform modules already initialized, skipping
Refreshing native plugins compatible for Editor in 0,47 ms, found 1 plugins.
Preloading 0 native plugins for Editor in 0,00 ms.
Unloading 1833 Unused Serialized files (Serialized files now loaded: 0)
System memory in use before: 89,2 MB.
System memory in use after: 89,4 MB.

Unloading 8 unused Assets to reduce memory usage. Loaded Objects now: 2500.
Total: 3,786583 ms (FindLiveObjects: 0,224247 ms CreateObjectMapping: 0,065564 ms MarkObjects: 3,478792 ms  DeleteObjects: 0,016851 ms)

========================================================================
Received Import Request.
  Time since last request: 213,374510 seconds.
  path: Assets/Prefabs/Piece.prefab
  artifactKey: Guid(b9844b65120faa2d5b72d796d49728ea) Importer(815301076,1909f56bfc062723c751e8b465ee728b)
Start importing Assets/Prefabs/Piece.prefab using Guid(b9844b65120faa2d5b72d796d49728ea) Importer(815301076,1909f56bfc062723c751e8b465ee728b)  -> (artifact id: '23580d0477eecba15a62138aa941a5e8') in 0,030431 seconds 
========================================================================
Received Prepare
Registering precompiled user dll's ...
Registered in 0,000504 seconds.
Begin MonoManager ReloadAssembly
Native extension for LinuxStandalone target not found
Refreshing native plugins compatible for Editor in 0,39 ms, found 1 plugins.
Preloading 0 native plugins for Editor in 0,00 ms.
Mono: successfully reloaded assembly
- Completed reload, in  0,964 seconds
Platform modules already initialized, skipping
Refreshing native plugins compatible for Editor in 0,19 ms, found 1 plugins.
Preloading 0 native plugins for Editor in 0,00 ms.
Unloading 1833 Unused Serialized files (Serialized files now loaded: 0)
System memory in use before: 89,3 MB.
System memory in use after: 89,4 MB.

Unloading 8 unused Assets to reduce memory usage. Loaded Objects now: 2503.
Total: 3,475316 ms (FindLiveObjects: 0,160110 ms CreateObjectMapping: 0,060163 ms MarkObjects: 3,240304 ms  DeleteObjects: 0,013833 ms)

========================================================================
Received Prepare
Registering precompiled user dll's ...
Registered in 0,000658 seconds.
Begin MonoManager ReloadAssembly
Native extension for LinuxStandalone target not found
Refreshing native plugins compatible for Editor in 0,35 ms, found 1 plugins.
Preloading 0 native plugins for Editor in 0,00 ms.
Mono: successfully reloaded assembly
- Completed reload, in  0,922 seconds
Platform modules already initialized, skipping
Refreshing native plugins compatible for Editor in 0,16 ms, found 1 plugins.
Preloading 0 native plugins for Editor in 0,00 ms.
Unloading 1833 Unused Serialized files (Serialized files now loaded: 0)
System memory in use before: 89,3 MB.
System memory in use after: 89,4 MB.

Unloading 8 unused Assets to reduce memory usage. Loaded Objects now: 2506.
Total: 2,613928 ms (FindLiveObjects: 0,173398 ms CreateObjectMapping: 0,038722 ms MarkObjects: 2,387919 ms  DeleteObjects: 0,011878 ms)

========================================================================
Received Prepare
Registering precompiled user dll's ...
Registered in 0,000989 seconds.
Begin MonoManager ReloadAssembly
Native extension for LinuxStandalone target not found
Refreshing native plugins compatible for Editor in 0,51 ms, found 1 plugins.
Preloading 0 native plugins for Editor in 0,00 ms.
Mono: successfully reloaded assembly
- Completed reload, in  1,179 seconds
Platform modules already initialized, skipping
Refreshing native plugins compatible for Editor in 0,33 ms, found 1 plugins.
Preloading 0 native plugins for Editor in 0,00 ms.
Unloading 1833 Unused Serialized files (Serialized files now loaded: 0)
System memory in use before: 89,3 MB.
System memory in use after: 89,4 MB.

Unloading 8 unused Assets to reduce memory usage. Loaded Objects now: 2509.
Total: 3,791309 ms (FindLiveObjects: 0,315686 ms CreateObjectMapping: 0,069345 ms MarkObjects: 3,374742 ms  DeleteObjects: 0,030417 ms)

========================================================================
Received Prepare
Registering precompiled user dll's ...
Registered in 0,000432 seconds.
Begin MonoManager ReloadAssembly
Native extension for LinuxStandalone target not found
Refreshing native plugins compatible for Editor in 0,30 ms, found 1 plugins.
Preloading 0 native plugins for Editor in 0,00 ms.
Mono: successfully reloaded assembly
- Completed reload, in  0,874 seconds
Platform modules already initialized, skipping
Refreshing native plugins compatible for Editor in 0,20 ms, found 1 plugins.
Preloading 0 native plugins for Editor in 0,00 ms.
Unloading 1833 Unused Serialized files (Serialized files now loaded: 0)
System memory in use before: 89,3 MB.
System memory in use after: 89,4 MB.

Unloading 8 unused Assets to reduce memory usage. Loaded Objects now: 2512.
Total: 3,229800 ms (FindLiveObjects: 0,144765 ms CreateObjectMapping: 0,057148 ms MarkObjects: 3,012097 ms  DeleteObjects: 0,014846 ms)

========================================================================
Received Prepare
Registering precompiled user dll's ...
Registered in 0,000710 seconds.
Begin MonoManager ReloadAssembly
Native extension for LinuxStandalone target not found
Refreshing native plugins compatible for Editor in 0,30 ms, found 1 plugins.
Preloading 0 native plugins for Editor in 0,00 ms.
Mono: successfully reloaded assembly
- Completed reload, in  0,861 seconds
Platform modules already initialized, skipping
Refreshing native plugins compatible for Editor in 0,25 ms, found 1 plugins.
Preloading 0 native plugins for Editor in 0,00 ms.
Unloading 1833 Unused Serialized files (Serialized files now loaded: 0)
System memory in use before: 89,3 MB.
System memory in use after: 89,5 MB.

Unloading 8 unused Assets to reduce memory usage. Loaded Objects now: 2515.
Total: 2,910378 ms (FindLiveObjects: 0,177369 ms CreateObjectMapping: 0,049660 ms MarkObjects: 2,664565 ms  DeleteObjects: 0,017792 ms)

========================================================================
Received Prepare
Registering precompiled user dll's ...
Registered in 0,001419 seconds.
Begin MonoManager ReloadAssembly
Native extension for LinuxStandalone target not found
Refreshing native plugins compatible for Editor in 0,36 ms, found 1 plugins.
Preloading 0 native plugins for Editor in 0,00 ms.
Mono: successfully reloaded assembly
- Completed reload, in  1,118 seconds
Platform modules already initialized, skipping
Refreshing native plugins compatible for Editor in 0,22 ms, found 1 plugins.
Preloading 0 native plugins for Editor in 0,00 ms.
Unloading 1833 Unused Serialized files (Serialized files now loaded: 0)
System memory in use before: 89,4 MB.
System memory in use after: 89,6 MB.

Unloading 8 unused Assets to reduce memory usage. Loaded Objects now: 2518.
Total: 5,885122 ms (FindLiveObjects: 0,404480 ms CreateObjectMapping: 0,149477 ms MarkObjects: 5,306788 ms  DeleteObjects: 0,021938 ms)

========================================================================
Received Prepare
Registering precompiled user dll's ...
Registered in 0,000451 seconds.
Begin MonoManager ReloadAssembly
Native extension for LinuxStandalone target not found
Refreshing native plugins compatible for Editor in 0,36 ms, found 1 plugins.
Preloading 0 native plugins for Editor in 0,00 ms.
Mono: successfully reloaded assembly
- Completed reload, in  0,833 seconds
Platform modules already initialized, skipping
Refreshing native plugins compatible for Editor in 0,16 ms, found 1 plugins.
Preloading 0 native plugins for Editor in 0,00 ms.
Unloading 1833 Unused Serialized files (Serialized files now loaded: 0)
System memory in use before: 89,4 MB.
System memory in use after: 89,5 MB.

Unloading 8 unused Assets to reduce memory usage. Loaded Objects now: 2521.
Total: 2,831630 ms (FindLiveObjects: 0,162892 ms CreateObjectMapping: 0,050717 ms MarkObjects: 2,584721 ms  DeleteObjects: 0,031825 ms)

========================================================================
Received Prepare
Registering precompiled user dll's ...
Registered in 0,001625 seconds.
Begin MonoManager ReloadAssembly
Native extension for LinuxStandalone target not found
Refreshing native plugins compatible for Editor in 0,58 ms, found 1 plugins.
Preloading 0 native plugins for Editor in 0,00 ms.
Mono: successfully reloaded assembly
- Completed reload, in  1,295 seconds
Platform modules already initialized, skipping
Refreshing native plugins compatible for Editor in 0,37 ms, found 1 plugins.
Preloading 0 native plugins for Editor in 0,00 ms.
Unloading 1833 Unused Serialized files (Serialized files now loaded: 0)
System memory in use before: 89,4 MB.
System memory in use after: 89,5 MB.

Unloading 8 unused Assets to reduce memory usage. Loaded Objects now: 2524.
Total: 4,853759 ms (FindLiveObjects: 0,294812 ms CreateObjectMapping: 0,122316 ms MarkObjects: 4,413929 ms  DeleteObjects: 0,021379 ms)

========================================================================
Received Prepare
Registering precompiled user dll's ...
Registered in 0,001074 seconds.
Begin MonoManager ReloadAssembly
Native extension for LinuxStandalone target not found
Refreshing native plugins compatible for Editor in 0,41 ms, found 1 plugins.
Preloading 0 native plugins for Editor in 0,00 ms.
Mono: successfully reloaded assembly
- Completed reload, in  0,932 seconds
Platform modules already initialized, skipping
Refreshing native plugins compatible for Editor in 0,27 ms, found 1 plugins.
Preloading 0 native plugins for Editor in 0,00 ms.
Unloading 1833 Unused Serialized files (Serialized files now loaded: 0)
System memory in use before: 89,5 MB.
System memory in use after: 89,6 MB.

Unloading 8 unused Assets to reduce memory usage. Loaded Objects now: 2527.
Total: 2,519464 ms (FindLiveObjects: 0,174566 ms CreateObjectMapping: 0,038337 ms MarkObjects: 2,288801 ms  DeleteObjects: 0,016384 ms)

========================================================================
Received Prepare
Registering precompiled user dll's ...
Registered in 0,000552 seconds.
Begin MonoManager ReloadAssembly
Native extension for LinuxStandalone target not found
Refreshing native plugins compatible for Editor in 0,51 ms, found 1 plugins.
Preloading 0 native plugins for Editor in 0,00 ms.
Mono: successfully reloaded assembly
- Completed reload, in  1,621 seconds
Platform modules already initialized, skipping
Refreshing native plugins compatible for Editor in 0,44 ms, found 1 plugins.
Preloading 0 native plugins for Editor in 0,00 ms.
Unloading 1833 Unused Serialized files (Serialized files now loaded: 0)
System memory in use before: 89,4 MB.
System memory in use after: 89,5 MB.

Unloading 8 unused Assets to reduce memory usage. Loaded Objects now: 2530.
Total: 5,317118 ms (FindLiveObjects: 0,339732 ms CreateObjectMapping: 0,120774 ms MarkObjects: 4,826685 ms  DeleteObjects: 0,027551 ms)

========================================================================
Received Prepare
Registering precompiled user dll's ...
Registered in 0,000520 seconds.
Begin MonoManager ReloadAssembly
Native extension for LinuxStandalone target not found
Refreshing native plugins compatible for Editor in 0,31 ms, found 1 plugins.
Preloading 0 native plugins for Editor in 0,00 ms.
Mono: successfully reloaded assembly
- Completed reload, in  0,861 seconds
Platform modules already initialized, skipping
Refreshing native plugins compatible for Editor in 0,21 ms, found 1 plugins.
Preloading 0 native plugins for Editor in 0,00 ms.
Unloading 1833 Unused Serialized files (Serialized files now loaded: 0)
System memory in use before: 89,4 MB.
System memory in use after: 89,5 MB.

Unloading 8 unused Assets to reduce memory usage. Loaded Objects now: 2533.
Total: 6,252182 ms (FindLiveObjects: 0,366324 ms CreateObjectMapping: 0,162787 ms MarkObjects: 5,694488 ms  DeleteObjects: 0,025338 ms)

========================================================================
Received Prepare
Registering precompiled user dll's ...
Registered in 0,000467 seconds.
Begin MonoManager ReloadAssembly
Native extension for LinuxStandalone target not found
Refreshing native plugins compatible for Editor in 0,28 ms, found 1 plugins.
Preloading 0 native plugins for Editor in 0,00 ms.
Mono: successfully reloaded assembly
- Completed reload, in  0,844 seconds
Platform modules already initialized, skipping
Refreshing native plugins compatible for Editor in 0,18 ms, found 1 plugins.
Preloading 0 native plugins for Editor in 0,00 ms.
Unloading 1833 Unused Serialized files (Serialized files now loaded: 0)
System memory in use before: 89,5 MB.
System memory in use after: 89,6 MB.

Unloading 8 unused Assets to reduce memory usage. Loaded Objects now: 2536.
Total: 6,295870 ms (FindLiveObjects: 0,368887 ms CreateObjectMapping: 0,181937 ms MarkObjects: 5,716757 ms  DeleteObjects: 0,025840 ms)

========================================================================
Received Prepare
Registering precompiled user dll's ...
Registered in 0,000803 seconds.
Begin MonoManager ReloadAssembly
Native extension for LinuxStandalone target not found
Refreshing native plugins compatible for Editor in 0,30 ms, found 1 plugins.
Preloading 0 native plugins for Editor in 0,00 ms.
Mono: successfully reloaded assembly
- Completed reload, in  0,953 seconds
Platform modules already initialized, skipping
Refreshing native plugins compatible for Editor in 0,24 ms, found 1 plugins.
Preloading 0 native plugins for Editor in 0,00 ms.
Unloading 1833 Unused Serialized files (Serialized files now loaded: 0)
System memory in use before: 89,4 MB.
System memory in use after: 89,5 MB.

Unloading 8 unused Assets to reduce memory usage. Loaded Objects now: 2539.
Total: 3,429251 ms (FindLiveObjects: 0,155891 ms CreateObjectMapping: 0,156237 ms MarkObjects: 3,099987 ms  DeleteObjects: 0,016184 ms)

========================================================================
Received Prepare
Registering precompiled user dll's ...
Registered in 0,000846 seconds.
Begin MonoManager ReloadAssembly
Native extension for LinuxStandalone target not found
Refreshing native plugins compatible for Editor in 0,59 ms, found 1 plugins.
Preloading 0 native plugins for Editor in 0,00 ms.
Mono: successfully reloaded assembly
- Completed reload, in  1,037 seconds
Platform modules already initialized, skipping
Refreshing native plugins compatible for Editor in 0,59 ms, found 1 plugins.
Preloading 0 native plugins for Editor in 0,00 ms.
Unloading 1833 Unused Serialized files (Serialized files now loaded: 0)
System memory in use before: 89,4 MB.
System memory in use after: 89,5 MB.

Unloading 8 unused Assets to reduce memory usage. Loaded Objects now: 2542.
Total: 3,321980 ms (FindLiveObjects: 0,209014 ms CreateObjectMapping: 0,120822 ms MarkObjects: 2,977292 ms  DeleteObjects: 0,013813 ms)

========================================================================
Received Prepare
Registering precompiled user dll's ...
Registered in 0,000619 seconds.
Begin MonoManager ReloadAssembly
Native extension for LinuxStandalone target not found
Refreshing native plugins compatible for Editor in 0,30 ms, found 1 plugins.
Preloading 0 native plugins for Editor in 0,00 ms.
Mono: successfully reloaded assembly
- Completed reload, in  1,006 seconds
Platform modules already initialized, skipping
Refreshing native plugins compatible for Editor in 0,17 ms, found 1 plugins.
Preloading 0 native plugins for Editor in 0,00 ms.
Unloading 1833 Unused Serialized files (Serialized files now loaded: 0)
System memory in use before: 89,5 MB.
System memory in use after: 89,6 MB.

Unloading 8 unused Assets to reduce memory usage. Loaded Objects now: 2545.
Total: 6,560286 ms (FindLiveObjects: 0,378848 ms CreateObjectMapping: 0,161052 ms MarkObjects: 5,993657 ms  DeleteObjects: 0,024623 ms)

========================================================================
Received Prepare
Registering precompiled user dll's ...
Registered in 0,000765 seconds.
Begin MonoManager ReloadAssembly
Native extension for LinuxStandalone target not found
Refreshing native plugins compatible for Editor in 0,48 ms, found 1 plugins.
Preloading 0 native plugins for Editor in 0,00 ms.
Mono: successfully reloaded assembly
- Completed reload, in  1,523 seconds
Platform modules already initialized, skipping
Refreshing native plugins compatible for Editor in 0,87 ms, found 1 plugins.
Preloading 0 native plugins for Editor in 0,00 ms.
Unloading 1833 Unused Serialized files (Serialized files now loaded: 0)
System memory in use before: 89,4 MB.
System memory in use after: 89,5 MB.

Unloading 8 unused Assets to reduce memory usage. Loaded Objects now: 2548.
Total: 5,341928 ms (FindLiveObjects: 0,234475 ms CreateObjectMapping: 0,103498 ms MarkObjects: 4,959760 ms  DeleteObjects: 0,042590 ms)

========================================================================
Received Import Request.
  Time since last request: 816,946095 seconds.
  path: Assets/Resources/Sprites/ChessPieces.png
  artifactKey: Guid(6e2ef7362c71004d3bcb9e80f325a623) Importer(815301076,1909f56bfc062723c751e8b465ee728b)
Start importing Assets/Resources/Sprites/ChessPieces.png using Guid(6e2ef7362c71004d3bcb9e80f325a623) Importer(815301076,1909f56bfc062723c751e8b465ee728b)  -> (artifact id: '3d6f20103469f4bf3933735278855a6e') in 0,118189 seconds 
========================================================================
Received Import Request.
  Time since last request: 4,102116 seconds.
  path: Assets/Resources/Sprites/ChessPieces.png
  artifactKey: Guid(6e2ef7362c71004d3bcb9e80f325a623) Importer(815301076,1909f56bfc062723c751e8b465ee728b)
Start importing Assets/Resources/Sprites/ChessPieces.png using Guid(6e2ef7362c71004d3bcb9e80f325a623) Importer(815301076,1909f56bfc062723c751e8b465ee728b)  -> (artifact id: 'c4141bd19bd59dcc8273beac6c2fd228') in 0,048035 seconds 
========================================================================
Received Prepare
Registering precompiled user dll's ...
Registered in 0,000850 seconds.
Begin MonoManager ReloadAssembly
Native extension for LinuxStandalone target not found
Refreshing native plugins compatible for Editor in 0,76 ms, found 1 plugins.
Preloading 0 native plugins for Editor in 0,00 ms.
Mono: successfully reloaded assembly
- Completed reload, in  1,870 seconds
Platform modules already initialized, skipping
Refreshing native plugins compatible for Editor in 0,68 ms, found 1 plugins.
Preloading 0 native plugins for Editor in 0,00 ms.
Unloading 1833 Unused Serialized files (Serialized files now loaded: 0)
System memory in use before: 90,2 MB.
System memory in use after: 90,3 MB.

Unloading 8 unused Assets to reduce memory usage. Loaded Objects now: 2580.
Total: 4,753278 ms (FindLiveObjects: 0,245758 ms CreateObjectMapping: 0,186051 ms MarkObjects: 4,279691 ms  DeleteObjects: 0,040721 ms)

========================================================================
Received Import Request.
  Time since last request: 111,902791 seconds.
  path: ProjectSettings/TagManager.asset
  artifactKey: Guid(00000000000000003000000000000000) Importer(815301076,1909f56bfc062723c751e8b465ee728b)
Start importing ProjectSettings/TagManager.asset using Guid(00000000000000003000000000000000) Importer(815301076,1909f56bfc062723c751e8b465ee728b)  -> (artifact id: '893097efcb2fa9fafd17412b60c7bc0a') in 0,012839 seconds 
========================================================================
Received Prepare
Registering precompiled user dll's ...
Registered in 0,000870 seconds.
Begin MonoManager ReloadAssembly
Native extension for LinuxStandalone target not found
Refreshing native plugins compatible for Editor in 0,47 ms, found 1 plugins.
Preloading 0 native plugins for Editor in 0,00 ms.
Mono: successfully reloaded assembly
- Completed reload, in  1,459 seconds
Platform modules already initialized, skipping
Refreshing native plugins compatible for Editor in 0,42 ms, found 1 plugins.
Preloading 0 native plugins for Editor in 0,00 ms.
Unloading 1833 Unused Serialized files (Serialized files now loaded: 0)
System memory in use before: 90,3 MB.
System memory in use after: 90,4 MB.

Unloading 9 unused Assets to reduce memory usage. Loaded Objects now: 2583.
Total: 6,008320 ms (FindLiveObjects: 0,337119 ms CreateObjectMapping: 0,201642 ms MarkObjects: 5,444278 ms  DeleteObjects: 0,023836 ms)

========================================================================
Received Prepare
Registering precompiled user dll's ...
Registered in 0,000922 seconds.
Begin MonoManager ReloadAssembly
Native extension for LinuxStandalone target not found
Refreshing native plugins compatible for Editor in 0,33 ms, found 1 plugins.
Preloading 0 native plugins for Editor in 0,00 ms.
Mono: successfully reloaded assembly
- Completed reload, in  1,239 seconds
Platform modules already initialized, skipping
Refreshing native plugins compatible for Editor in 0,35 ms, found 1 plugins.
Preloading 0 native plugins for Editor in 0,00 ms.
Unloading 1833 Unused Serialized files (Serialized files now loaded: 0)
System memory in use before: 90,2 MB.
System memory in use after: 90,3 MB.

Unloading 8 unused Assets to reduce memory usage. Loaded Objects now: 2586.
Total: 2,860948 ms (FindLiveObjects: 0,216383 ms CreateObjectMapping: 0,062444 ms MarkObjects: 2,550566 ms  DeleteObjects: 0,030295 ms)

========================================================================
Received Import Request.
  Time since last request: 502,378073 seconds.
  path: Assets/Resources/Sprites/ChessPieces.png
  artifactKey: Guid(6e2ef7362c71004d3bcb9e80f325a623) Importer(815301076,1909f56bfc062723c751e8b465ee728b)
Start importing Assets/Resources/Sprites/ChessPieces.png using Guid(6e2ef7362c71004d3bcb9e80f325a623) Importer(815301076,1909f56bfc062723c751e8b465ee728b)  -> (artifact id: '69e5825019595f40068c5b16f3634b71') in 0,101515 seconds 
========================================================================
Received Prepare
Registering precompiled user dll's ...
Registered in 0,001104 seconds.
Begin MonoManager ReloadAssembly
Native extension for LinuxStandalone target not found
Refreshing native plugins compatible for Editor in 0,30 ms, found 1 plugins.
Preloading 0 native plugins for Editor in 0,00 ms.
Mono: successfully reloaded assembly
- Completed reload, in  0,961 seconds
Platform modules already initialized, skipping
Refreshing native plugins compatible for Editor in 0,41 ms, found 1 plugins.
Preloading 0 native plugins for Editor in 0,00 ms.
Unloading 1833 Unused Serialized files (Serialized files now loaded: 0)
System memory in use before: 90,6 MB.
System memory in use after: 90,7 MB.

Unloading 8 unused Assets to reduce memory usage. Loaded Objects now: 2604.
Total: 4,101319 ms (FindLiveObjects: 0,242209 ms CreateObjectMapping: 0,061912 ms MarkObjects: 3,727958 ms  DeleteObjects: 0,067969 ms)

========================================================================
Received Import Request.
  Time since last request: 69,017964 seconds.
  path: Assets/Prefabs/Piece.prefab
  artifactKey: Guid(b9844b65120faa2d5b72d796d49728ea) Importer(815301076,1909f56bfc062723c751e8b465ee728b)
Start importing Assets/Prefabs/Piece.prefab using Guid(b9844b65120faa2d5b72d796d49728ea) Importer(815301076,1909f56bfc062723c751e8b465ee728b)  -> (artifact id: '2a847ecce3d06abf8ecfb9ed75e69417') in 0,027627 seconds 
========================================================================
Received Prepare
Registering precompiled user dll's ...
Registered in 0,000897 seconds.
Begin MonoManager ReloadAssembly
Native extension for LinuxStandalone target not found
Refreshing native plugins compatible for Editor in 0,68 ms, found 1 plugins.
Preloading 0 native plugins for Editor in 0,00 ms.
Mono: successfully reloaded assembly
- Completed reload, in  0,889 seconds
Platform modules already initialized, skipping
Refreshing native plugins compatible for Editor in 0,19 ms, found 1 plugins.
Preloading 0 native plugins for Editor in 0,00 ms.
Unloading 1833 Unused Serialized files (Serialized files now loaded: 0)
System memory in use before: 90,7 MB.
System memory in use after: 90,9 MB.

Unloading 8 unused Assets to reduce memory usage. Loaded Objects now: 2607.
Total: 2,727175 ms (FindLiveObjects: 0,212693 ms CreateObjectMapping: 0,045948 ms MarkObjects: 2,453498 ms  DeleteObjects: 0,014161 ms)

========================================================================
Received Prepare
Registering precompiled user dll's ...
Registered in 0,000680 seconds.
Begin MonoManager ReloadAssembly
Native extension for LinuxStandalone target not found
Refreshing native plugins compatible for Editor in 0,39 ms, found 1 plugins.
Preloading 0 native plugins for Editor in 0,00 ms.
Mono: successfully reloaded assembly
- Completed reload, in  1,429 seconds
Platform modules already initialized, skipping
Refreshing native plugins compatible for Editor in 0,45 ms, found 1 plugins.
Preloading 0 native plugins for Editor in 0,00 ms.
Unloading 1833 Unused Serialized files (Serialized files now loaded: 0)
System memory in use before: 90,7 MB.
System memory in use after: 90,9 MB.

Unloading 8 unused Assets to reduce memory usage. Loaded Objects now: 2610.
Total: 5,512852 ms (FindLiveObjects: 0,540240 ms CreateObjectMapping: 0,091253 ms MarkObjects: 4,861439 ms  DeleteObjects: 0,018537 ms)

========================================================================
Received Import Request.
  Time since last request: 117,015818 seconds.
  path: Assets/Resources/Sprites/ChessPieces.png
  artifactKey: Guid(6e2ef7362c71004d3bcb9e80f325a623) Importer(815301076,1909f56bfc062723c751e8b465ee728b)
Start importing Assets/Resources/Sprites/ChessPieces.png using Guid(6e2ef7362c71004d3bcb9e80f325a623) Importer(815301076,1909f56bfc062723c751e8b465ee728b)  -> (artifact id: '9d82cdae414c470a8f4f49e7b8ae2756') in 0,102831 seconds 
========================================================================
Received Prepare
Registering precompiled user dll's ...
Registered in 0,000806 seconds.
Begin MonoManager ReloadAssembly
Native extension for LinuxStandalone target not found
Refreshing native plugins compatible for Editor in 0,41 ms, found 1 plugins.
Preloading 0 native plugins for Editor in 0,00 ms.
Mono: successfully reloaded assembly
- Completed reload, in  1,371 seconds
Platform modules already initialized, skipping
Refreshing native plugins compatible for Editor in 0,49 ms, found 1 plugins.
Preloading 0 native plugins for Editor in 0,00 ms.
Unloading 1833 Unused Serialized files (Serialized files now loaded: 0)
System memory in use before: 91,1 MB.
System memory in use after: 91,3 MB.

Unloading 8 unused Assets to reduce memory usage. Loaded Objects now: 2628.
Total: 5,487062 ms (FindLiveObjects: 0,242146 ms CreateObjectMapping: 0,101982 ms MarkObjects: 5,117563 ms  DeleteObjects: 0,023236 ms)

========================================================================
Received Import Request.
  Time since last request: 14,979758 seconds.
  path: Assets/Resources/Sprites/ChessPieces.png
  artifactKey: Guid(6e2ef7362c71004d3bcb9e80f325a623) Importer(815301076,1909f56bfc062723c751e8b465ee728b)
Start importing Assets/Resources/Sprites/ChessPieces.png using Guid(6e2ef7362c71004d3bcb9e80f325a623) Importer(815301076,1909f56bfc062723c751e8b465ee728b)  -> (artifact id: '176f1dcffd5708e233bb89e33e10ff08') in 0,107325 seconds 
========================================================================
Received Prepare
Registering precompiled user dll's ...
Registered in 0,000611 seconds.
Begin MonoManager ReloadAssembly
Native extension for LinuxStandalone target not found
Refreshing native plugins compatible for Editor in 0,30 ms, found 1 plugins.
Preloading 0 native plugins for Editor in 0,00 ms.
Mono: successfully reloaded assembly
- Completed reload, in  1,068 seconds
Platform modules already initialized, skipping
Refreshing native plugins compatible for Editor in 0,33 ms, found 1 plugins.
Preloading 0 native plugins for Editor in 0,00 ms.
Unloading 1833 Unused Serialized files (Serialized files now loaded: 0)
System memory in use before: 91,5 MB.
System memory in use after: 91,7 MB.

Unloading 8 unused Assets to reduce memory usage. Loaded Objects now: 2646.
Total: 3,255682 ms (FindLiveObjects: 0,187390 ms CreateObjectMapping: 0,067549 ms MarkObjects: 2,982213 ms  DeleteObjects: 0,017536 ms)

========================================================================
Received Prepare
Registering precompiled user dll's ...
Registered in 0,000645 seconds.
Begin MonoManager ReloadAssembly
Native extension for LinuxStandalone target not found
Refreshing native plugins compatible for Editor in 0,31 ms, found 1 plugins.
Preloading 0 native plugins for Editor in 0,00 ms.
Mono: successfully reloaded assembly
- Completed reload, in  0,848 seconds
Platform modules already initialized, skipping
Refreshing native plugins compatible for Editor in 0,21 ms, found 1 plugins.
Preloading 0 native plugins for Editor in 0,00 ms.
Unloading 1833 Unused Serialized files (Serialized files now loaded: 0)
System memory in use before: 91,6 MB.
System memory in use after: 91,8 MB.

Unloading 8 unused Assets to reduce memory usage. Loaded Objects now: 2649.
Total: 3,112556 ms (FindLiveObjects: 0,369729 ms CreateObjectMapping: 0,072456 ms MarkObjects: 2,633207 ms  DeleteObjects: 0,016415 ms)

